<?xml version="1.0" encoding="UTF-8"?>
<!-- Generated by org.testng.reporters.JUnitReportReporter -->
<testsuite ignored="0" hostname="DESKTOP-L2DDO2Q" failures="0" tests="1" name="org.testing.testScripts.TC3_GetParticularRequest" time="0.428" errors="0" timestamp="10 Jun 2024 12:35:17 GMT" skipped="0">
  <testcase classname="org.testing.testScripts.TC3_GetParticularRequest" name="testcase3" time="0.428"/>
</testsuite> <!-- org.testing.testScripts.TC3_GetParticularRequest -->
